<?xml version="1.0" encoding="UTF-8"?>
<robot generator="Robot 4.1.3 (Python 3.7.3 on win32)" generated="20220218 00:48:23.707" rpa="false" schemaversion="2">
<suite id="s1" name="RemoveProduct" source="P:\Python\Test\Test_RobotFramework\TestCases\RemoveProduct.robot">
<test id="s1-t1" name="Test Remove Product">
<kw name="Run Keywords" library="BuiltIn" type="SETUP">
<arg>Open Page</arg>
<arg>Valid Login</arg>
<doc>Executes all the given keywords in a sequence.</doc>
<kw name="Open Page" library="CommonFunctionality">
<kw name="Set Selenium Speed" library="SeleniumLibrary">
<arg>${SPEED}</arg>
<doc>Sets the delay that is waited after each Selenium command.</doc>
<status status="PASS" starttime="20220218 00:48:24.044" endtime="20220218 00:48:24.045"/>
</kw>
<kw name="Set Selenium Timeout" library="SeleniumLibrary">
<arg>${TIMEOUT}</arg>
<doc>Sets the timeout that is used by various keywords.</doc>
<status status="PASS" starttime="20220218 00:48:24.045" endtime="20220218 00:48:24.045"/>
</kw>
<kw name="Set Selenium Implicit Wait" library="SeleniumLibrary">
<arg>${IMPLICIT_WAIT}</arg>
<doc>Sets the implicit wait value used by Selenium.</doc>
<status status="PASS" starttime="20220218 00:48:24.046" endtime="20220218 00:48:24.046"/>
</kw>
<kw name="Open Browser" library="SeleniumLibrary">
<arg>${DOMAIN}</arg>
<arg>${BROWSER}</arg>
<doc>Opens a new browser instance to the optional ``url``.</doc>
<msg timestamp="20220218 00:48:24.046" level="INFO">Opening browser 'chrome' to base url 'https://digikala.com/'.</msg>
<status status="PASS" starttime="20220218 00:48:24.046" endtime="20220218 00:49:12.741"/>
</kw>
<kw name="Maximize Browser Window" library="SeleniumLibrary">
<doc>Maximizes current browser window.</doc>
<status status="PASS" starttime="20220218 00:49:12.741" endtime="20220218 00:49:13.042"/>
</kw>
<status status="PASS" starttime="20220218 00:48:24.044" endtime="20220218 00:49:13.042"/>
</kw>
<kw name="Valid Login" library="CommonFunctionality">
<kw name="Login" library="Login">
<kw name="Click To Login Button" library="Header">
<kw name="Wait Until Page Contains Element" library="SeleniumLibrary">
<arg>${login_button}</arg>
<doc>Waits until the element ``locator`` appears on the current page.</doc>
<status status="PASS" starttime="20220218 00:49:13.045" endtime="20220218 00:49:13.779"/>
</kw>
<kw name="Click Link" library="SeleniumLibrary">
<arg>${login_button}</arg>
<doc>Clicks a link identified by ``locator``.</doc>
<msg timestamp="20220218 00:49:13.779" level="INFO">Clicking link 'Partial Link:ورود'.</msg>
<status status="PASS" starttime="20220218 00:49:13.779" endtime="20220218 00:49:14.821"/>
</kw>
<status status="PASS" starttime="20220218 00:49:13.044" endtime="20220218 00:49:14.822"/>
</kw>
<kw name="Wait Until Page Contains Element" library="SeleniumLibrary">
<arg>${username_input}</arg>
<doc>Waits until the element ``locator`` appears on the current page.</doc>
<status status="PASS" starttime="20220218 00:49:14.822" endtime="20220218 00:49:14.839"/>
</kw>
<kw name="Input Text" library="SeleniumLibrary">
<arg>${username_input}</arg>
<arg>${USERNAME}</arg>
<doc>Types the given ``text`` into the text field identified by ``locator``.</doc>
<msg timestamp="20220218 00:49:14.840" level="INFO">Typing text '09194731285' into text field 'xpath://input[@name="username"]'.</msg>
<status status="PASS" starttime="20220218 00:49:14.839" endtime="20220218 00:49:14.975"/>
</kw>
<kw name="Click Element" library="SeleniumLibrary">
<arg>${submit}</arg>
<doc>Click the element identified by ``locator``.</doc>
<msg timestamp="20220218 00:49:14.977" level="INFO">Clicking element 'xpath://button[@type="submit"]'.</msg>
<status status="PASS" starttime="20220218 00:49:14.976" endtime="20220218 00:49:15.048"/>
</kw>
<kw name="Wait Until Page Contains Element" library="SeleniumLibrary">
<arg>${password_input}</arg>
<doc>Waits until the element ``locator`` appears on the current page.</doc>
<status status="PASS" starttime="20220218 00:49:15.049" endtime="20220218 00:49:15.189"/>
</kw>
<kw name="Input Text" library="SeleniumLibrary">
<arg>${password_input}</arg>
<arg>${PASSWORD}</arg>
<doc>Types the given ``text`` into the text field identified by ``locator``.</doc>
<msg timestamp="20220218 00:49:15.190" level="INFO">Typing text 'M_123456789_m' into text field 'xpath://input[@name="password"]'.</msg>
<status status="PASS" starttime="20220218 00:49:15.189" endtime="20220218 00:49:15.332"/>
</kw>
<kw name="Click Element" library="SeleniumLibrary">
<arg>${submit}</arg>
<doc>Click the element identified by ``locator``.</doc>
<msg timestamp="20220218 00:49:15.332" level="INFO">Clicking element 'xpath://button[@type="submit"]'.</msg>
<status status="PASS" starttime="20220218 00:49:15.332" endtime="20220218 00:49:15.385"/>
</kw>
<status status="PASS" starttime="20220218 00:49:13.044" endtime="20220218 00:49:15.385"/>
</kw>
<kw name="Check Valid Login" library="Login">
<kw name="Wait Until Page Contains Element" library="SeleniumLibrary">
<arg>${account_button}</arg>
<doc>Waits until the element ``locator`` appears on the current page.</doc>
<status status="PASS" starttime="20220218 00:49:15.385" endtime="20220218 00:49:16.593"/>
</kw>
<kw name="Click Element" library="SeleniumLibrary">
<arg>${account_button}</arg>
<doc>Click the element identified by ``locator``.</doc>
<msg timestamp="20220218 00:49:16.594" level="INFO">Clicking element 'xpath://div[contains(@class, "profileButton")]'.</msg>
<status status="PASS" starttime="20220218 00:49:16.593" endtime="20220218 00:49:22.723"/>
</kw>
<kw name="Page Should Contain" library="SeleniumLibrary">
<arg>${verify_login_contain}</arg>
<doc>Verifies that current page contains ``text``.</doc>
<msg timestamp="20220218 00:49:22.750" level="INFO">Current page contains text 'خروج'.</msg>
<status status="PASS" starttime="20220218 00:49:22.723" endtime="20220218 00:49:22.750"/>
</kw>
<status status="PASS" starttime="20220218 00:49:15.385" endtime="20220218 00:49:22.750"/>
</kw>
<status status="PASS" starttime="20220218 00:49:13.043" endtime="20220218 00:49:22.750"/>
</kw>
<status status="PASS" starttime="20220218 00:48:24.044" endtime="20220218 00:49:22.751"/>
</kw>
<kw name="Click To Card Button" library="Header">
<kw name="Press Keys" library="SeleniumLibrary">
<arg>${cart_button}</arg>
<arg>RETURN</arg>
<doc>Simulates the user pressing key(s) to an element or on the active browser.</doc>
<msg timestamp="20220218 00:49:22.752" level="INFO">Sending key(s) ('RETURN',) to xpath://a[@data-cro-id="header-cart"] element.</msg>
<msg timestamp="20220218 00:49:23.418" level="INFO">Pressing special key RETURN to element.</msg>
<msg timestamp="20220218 00:49:23.418" level="INFO">Releasing special key RETURN.</msg>
<status status="PASS" starttime="20220218 00:49:22.751" endtime="20220218 00:49:23.497"/>
</kw>
<kw name="Invisible Element" library="CommonFunctionality">
<arg>${cart_button_popup}</arg>
<kw name="Get Path" library="Library">
<var>${new_path}</var>
<arg>${xpath}</arg>
<msg timestamp="20220218 00:49:23.499" level="INFO">${new_path} = //*[contains(@class, "BaseLayoutMiniCart__popup")]</msg>
<status status="PASS" starttime="20220218 00:49:23.498" endtime="20220218 00:49:23.499"/>
</kw>
<kw name="Execute Javascript" library="SeleniumLibrary">
<arg>document.evaluate('${new_path}', document, null, XPathResult.ORDERED_NODE_SNAPSHOT_TYPE, null).snapshotItem(0).style.visibility = "hidden";</arg>
<doc>Executes the given JavaScript code with possible arguments.</doc>
<msg timestamp="20220218 00:49:23.500" level="INFO">Executing JavaScript:
document.evaluate('//*[contains(@class, "BaseLayoutMiniCart__popup")]', document, null, XPathResult.ORDERED_NODE_SNAPSHOT_TYPE, null).snapshotItem(0).style.visibility = "hidden";
Without any arguments.</msg>
<status status="PASS" starttime="20220218 00:49:23.499" endtime="20220218 00:49:23.616"/>
</kw>
<status status="PASS" starttime="20220218 00:49:23.498" endtime="20220218 00:49:23.616"/>
</kw>
<status status="PASS" starttime="20220218 00:49:22.751" endtime="20220218 00:49:23.617"/>
</kw>
<kw name="Remove Product" library="Cart">
<arg>${product_name}</arg>
<kw name="Wait Until Page Contains Element" library="SeleniumLibrary">
<arg>${main_cart}</arg>
<doc>Waits until the element ``locator`` appears on the current page.</doc>
<status status="PASS" starttime="20220218 00:49:23.618" endtime="20220218 00:49:23.748"/>
</kw>
<kw name="JavaScript Click Element" library="CommonFunctionality">
<arg>${remove_button}</arg>
<kw name="Get Path" library="Library">
<var>${new_path}</var>
<arg>${xpath}</arg>
<msg timestamp="20220218 00:49:23.750" level="INFO">${new_path} = //*[@class="overflow-hidden"]//*[contains(text(), "گوشی موبایل اپل مدل iPhone 13 Pro Max A2644 دو سیم‌ کارت ظرفیت 128 گیگابایت و رم 6 گیگابایت")]//ancestor::div[3]//*[@data-cro-id="cart-delete-item-ri...</msg>
<status status="PASS" starttime="20220218 00:49:23.750" endtime="20220218 00:49:23.750"/>
</kw>
<kw name="Execute Javascript" library="SeleniumLibrary">
<arg>document.evaluate('${new_path}', document, null, XPathResult.ORDERED_NODE_SNAPSHOT_TYPE, null).snapshotItem(0).click();</arg>
<doc>Executes the given JavaScript code with possible arguments.</doc>
<msg timestamp="20220218 00:49:23.751" level="INFO">Executing JavaScript:
document.evaluate('//*[@class="overflow-hidden"]//*[contains(text(), "گوشی موبایل اپل مدل iPhone 13 Pro Max A2644 دو سیم‌ کارت ظرفیت 128 گیگابایت و رم 6 گیگابایت")]//ancestor::div[3]//*[@data-cro-id="cart-delete-item-right"]', document, null, XPathResult.ORDERED_NODE_SNAPSHOT_TYPE, null).snapshotItem(0).click();
Without any arguments.</msg>
<status status="PASS" starttime="20220218 00:49:23.750" endtime="20220218 00:49:23.803"/>
</kw>
<status status="PASS" starttime="20220218 00:49:23.749" endtime="20220218 00:49:23.803"/>
</kw>
<status status="PASS" starttime="20220218 00:49:23.618" endtime="20220218 00:49:23.804"/>
</kw>
<kw name="Page Should Contain" library="SeleniumLibrary">
<arg>${page_contain}</arg>
<doc>Verifies that current page contains ``text``.</doc>
<msg timestamp="20220218 00:49:25.263" level="INFO">Current page contains text 'سبد خرید شما خالی است'.</msg>
<status status="PASS" starttime="20220218 00:49:23.804" endtime="20220218 00:49:25.263"/>
</kw>
<kw name="Close Page" library="CommonFunctionality" type="TEARDOWN">
<kw name="Close Browser" library="SeleniumLibrary">
<doc>Closes the current browser.</doc>
<status status="PASS" starttime="20220218 00:49:25.265" endtime="20220218 00:49:27.521"/>
</kw>
<status status="PASS" starttime="20220218 00:49:25.265" endtime="20220218 00:49:27.522"/>
</kw>
<tag>RemoveProducts</tag>
<status status="PASS" starttime="20220218 00:48:24.043" endtime="20220218 00:49:27.524"/>
</test>
<doc>Remove Products From Cart</doc>
<status status="PASS" starttime="20220218 00:48:23.710" endtime="20220218 00:49:27.529"/>
</suite>
<statistics>
<total>
<stat pass="1" fail="0" skip="0">All Tests</stat>
</total>
<tag>
<stat pass="1" fail="0" skip="0">RemoveProducts</stat>
</tag>
<suite>
<stat pass="1" fail="0" skip="0" id="s1" name="RemoveProduct">RemoveProduct</stat>
</suite>
</statistics>
<errors>
<msg timestamp="20220218 00:48:24.034" level="ERROR">Error in file 'P:\Python\Test\Test_RobotFramework\Resources\PageObjects\Header.robot' on line 9: Setting variable '${main_category_button}' failed: Variable '${main_category}' not found.</msg>
<msg timestamp="20220218 00:48:24.039" level="ERROR">Error in file 'P:\Python\Test\Test_RobotFramework\Resources\PageObjects\Header.robot' on line 10: Setting variable '${sub_category_button}' failed: Variable '${sub_category}' not found. Did you mean:
    ${sub_categories}</msg>
</errors>
</robot>
